INFO: 2025-05-13 21:28:18,794: main() 'Using profile folder /home/natan/.config/variety/'
INFO: 2025-05-13 21:28:18,800: perform_upgrade() 'Last run version was 0.8.13 or earlier, current version is 0.8.13'
INFO: 2025-05-13 21:28:18,806: process_command() 'Received command: ['--profile', '/home/natan/.config/variety/']'
INFO: 2025-05-13 21:28:18,813: start() 'Using data_path /usr/share/variety'
INFO: 2025-05-13 21:28:18,813: load() 'Jumble loading'
INFO: 2025-05-13 21:28:18,813: _walk_modules() 'Jumble loading module in __init__ from /usr/lib/python3/dist-packages/variety/plugins/builtin/__init__.py'
INFO: 2025-05-13 21:28:18,814: _walk_modules() 'Jumble loading module in ResizingDisplayModesPlugin from /usr/lib/python3/dist-packages/variety/plugins/builtin/display_modes/ResizingDisplayModesPlugin.py'
INFO: 2025-05-13 21:28:18,815: load() 'Jumble found plugin class: <class 'ResizingDisplayModesPlugin.ResizingDisplayModesPlugin'>: {'name': 'ResizingDisplayModesPlugin', 'description': 'Display modes that use image resizing within Variety', 'version': '1.0', 'author': 'Peter Levi'}'
INFO: 2025-05-13 21:28:18,815: _walk_modules() 'Jumble loading module in LegacyDisplayModesPlugin from /usr/lib/python3/dist-packages/variety/plugins/builtin/display_modes/LegacyDisplayModesPlugin.py'
INFO: 2025-05-13 21:28:18,815: load() 'Jumble found plugin class: <class 'LegacyDisplayModesPlugin.LegacyDisplayModesPlugin'>: {'name': 'LegacyDisplayModesPlugin', 'description': 'Legacy display mode for compatibility with past Variety versions', 'version': '1.0', 'author': 'Peter Levi'}'
INFO: 2025-05-13 21:28:18,815: _walk_modules() 'Jumble loading module in GnomeDisplayModesPlugin from /usr/lib/python3/dist-packages/variety/plugins/builtin/display_modes/GnomeDisplayModesPlugin.py'
INFO: 2025-05-13 21:28:18,816: load() 'Jumble found plugin class: <class 'GnomeDisplayModesPlugin.GnomeDisplayModesPlugin'>: {'name': 'GnomeDisplayModesPlugin', 'description': 'Display modes relying on the underlying desktop environment', 'version': '1.0', 'author': 'Peter Levi'}'
INFO: 2025-05-13 21:28:18,816: _walk_modules() 'Jumble loading module in __init__ from /usr/lib/python3/dist-packages/variety/plugins/builtin/display_modes/__init__.py'
INFO: 2025-05-13 21:28:18,816: _walk_modules() 'Jumble loading module in QuotationsPageSource from /usr/lib/python3/dist-packages/variety/plugins/builtin/quotes/QuotationsPageSource.py'
INFO: 2025-05-13 21:28:18,841: load() 'Jumble found plugin class: <class 'QuotationsPageSource.QuotationsPageSource'>: {'name': 'TheQuotationsPage.com', 'description': 'Fetches quotes from TheQuotationsPage.com', 'author': 'Peter Levi', 'version': '0.1'}'
INFO: 2025-05-13 21:28:18,841: _walk_modules() 'Jumble loading module in __init__ from /usr/lib/python3/dist-packages/variety/plugins/builtin/quotes/__init__.py'
INFO: 2025-05-13 21:28:18,842: _walk_modules() 'Jumble loading module in GoodreadsSource from /usr/lib/python3/dist-packages/variety/plugins/builtin/quotes/GoodreadsSource.py'
INFO: 2025-05-13 21:28:18,842: load() 'Jumble found plugin class: <class 'GoodreadsSource.GoodreadsSource'>: {'name': 'Goodreads', 'description': 'Fetches quotes from Goodreads.com', 'author': 'Peter Levi', 'version': '0.1'}'
INFO: 2025-05-13 21:28:18,842: _walk_modules() 'Jumble loading module in FortuneSource from /usr/lib/python3/dist-packages/variety/plugins/builtin/quotes/FortuneSource.py'
INFO: 2025-05-13 21:28:18,843: load() 'Jumble found plugin class: <class 'FortuneSource.FortuneSource'>: {'name': 'UNIX fortune program', 'description': 'Displays quotes using the UNIX fortune program. You may want to install additional fortune packs, e.g. fortunes-bofh-excuses.', 'author': 'Dan Jones', 'version': '0.1'}'
INFO: 2025-05-13 21:28:18,843: _walk_modules() 'Jumble loading module in LocalFilesSource from /usr/lib/python3/dist-packages/variety/plugins/builtin/quotes/LocalFilesSource.py'
INFO: 2025-05-13 21:28:18,844: load() 'Jumble found plugin class: <class 'LocalFilesSource.LocalFilesSource'>: {'name': 'Local text files', 'description': 'Displays quotes, defined in local text files.\nPut your own txt files in: /home/natan/.config/variety/pluginconfig/quotes/.\nThe file format is:\n\nquote -- author\n.\nsecond quote -- another author\n.\netc...\n\nExample: http://rvelthuis.de/zips/quotes.txt', 'author': 'Peter Levi', 'version': '0.1'}'
INFO: 2025-05-13 21:28:18,844: _walk_modules() 'Jumble loading module in UrbanDictionarySource from /usr/lib/python3/dist-packages/variety/plugins/builtin/quotes/UrbanDictionarySource.py'
INFO: 2025-05-13 21:28:18,844: load() 'Jumble found plugin class: <class 'UrbanDictionarySource.UrbanDictionarySource'>: {'name': 'Urban Dictionary', 'description': 'Displays definitions from Urban Dictionary', 'author': 'James Miller', 'version': '0.1'}'
INFO: 2025-05-13 21:28:18,845: _walk_modules() 'Jumble loading module in RedditSource from /usr/lib/python3/dist-packages/variety/plugins/builtin/downloaders/RedditSource.py'
INFO: 2025-05-13 21:28:18,846: load() 'Jumble found plugin class: <class 'RedditSource.RedditSource'>: {'name': 'RedditSource', 'description': 'Configurable source for fetching images from Reddit', 'author': 'Peter Levi', 'version': '0.1'}'
INFO: 2025-05-13 21:28:18,846: _walk_modules() 'Jumble loading module in UnsplashDownloader from /usr/lib/python3/dist-packages/variety/plugins/builtin/downloaders/UnsplashDownloader.py'
INFO: 2025-05-13 21:28:18,847: load() 'Jumble found plugin class: <class 'UnsplashDownloader.UnsplashDownloader'>: {'name': 'UnsplashDownloader', 'description': 'Fotos de alta resolução por Unsplash.com', 'author': 'Peter Levi', 'version': '0.1'}'
INFO: 2025-05-13 21:28:18,847: _walk_modules() 'Jumble loading module in UnsplashConfigurableSource from /usr/lib/python3/dist-packages/variety/plugins/builtin/downloaders/UnsplashConfigurableSource.py'
INFO: 2025-05-13 21:28:18,848: load() 'Jumble found plugin class: <class 'UnsplashConfigurableSource.UnsplashConfigurableSource'>: {'name': 'UnsplashConfigurableSource', 'description': 'Configurable source for fetching photos from Unsplash.com', 'author': 'Peter Levi', 'version': '0.1'}'
INFO: 2025-05-13 21:28:18,849: _walk_modules() 'Jumble loading module in RedditDownloader from /usr/lib/python3/dist-packages/variety/plugins/builtin/downloaders/RedditDownloader.py'
INFO: 2025-05-13 21:28:18,849: _walk_modules() 'Jumble loading module in ArtStationSource from /usr/lib/python3/dist-packages/variety/plugins/builtin/downloaders/ArtStationSource.py'
INFO: 2025-05-13 21:28:18,850: load() 'Jumble found plugin class: <class 'ArtStationSource.ArtStationSource'>: {'name': 'ArtStationSource', 'description': 'Configurable source for fetching images from ArtStation', 'author': 'Denis Gordeev', 'version': '0.1'}'
INFO: 2025-05-13 21:28:18,850: _walk_modules() 'Jumble loading module in ArtStationDownloader from /usr/lib/python3/dist-packages/variety/plugins/builtin/downloaders/ArtStationDownloader.py'
INFO: 2025-05-13 21:28:18,850: _walk_modules() 'Jumble loading module in APODDownloader from /usr/lib/python3/dist-packages/variety/plugins/builtin/downloaders/APODDownloader.py'
INFO: 2025-05-13 21:28:18,850: load() 'Jumble found plugin class: <class 'APODDownloader.APODDownloader'>: {'name': 'APODDownloader', 'description': 'NASA Astro Pic of the Day', 'author': 'Peter Levi', 'version': '0.1'}'
INFO: 2025-05-13 21:28:18,851: _walk_modules() 'Jumble loading module in __init__ from /usr/lib/python3/dist-packages/variety/plugins/builtin/downloaders/__init__.py'
INFO: 2025-05-13 21:28:18,851: _walk_modules() 'Jumble loading module in MediaRSSSource from /usr/lib/python3/dist-packages/variety/plugins/builtin/downloaders/MediaRSSSource.py'
INFO: 2025-05-13 21:28:18,852: load() 'Jumble found plugin class: <class 'MediaRSSSource.MediaRSSSource'>: {'name': 'MediaRSSSource', 'description': 'Configurable source for fetching images from MediaRSS feeds', 'author': 'Peter Levi', 'version': '0.1'}'
INFO: 2025-05-13 21:28:18,852: _walk_modules() 'Jumble loading module in EarthviewDownloader from /usr/lib/python3/dist-packages/variety/plugins/builtin/downloaders/EarthviewDownloader.py'
INFO: 2025-05-13 21:28:18,852: load() 'Jumble found plugin class: <class 'EarthviewDownloader.EarthviewDownloader'>: {'name': 'EarthviewDownloader', 'description': 'Google Earth View Wallpapers', 'author': 'Peter Levi', 'version': '0.1'}'
INFO: 2025-05-13 21:28:18,852: _walk_modules() 'Jumble loading module in MediaRSSDownloader from /usr/lib/python3/dist-packages/variety/plugins/builtin/downloaders/MediaRSSDownloader.py'
INFO: 2025-05-13 21:28:18,853: _walk_modules() 'Jumble loading module in BingDownloader from /usr/lib/python3/dist-packages/variety/plugins/builtin/downloaders/BingDownloader.py'
INFO: 2025-05-13 21:28:18,853: load() 'Jumble found plugin class: <class 'BingDownloader.BingDownloader'>: {'name': 'BingDownloader', 'description': 'Foto do dia por Bing', 'author': 'Peter Levi', 'version': '0.1'}'
INFO: 2025-05-13 21:28:18,853: _walk_modules() 'Jumble loading module in WallhavenSource from /usr/lib/python3/dist-packages/variety/plugins/builtin/downloaders/WallhavenSource.py'
INFO: 2025-05-13 21:28:18,855: load() 'Jumble found plugin class: <class 'WallhavenSource.WallhavenSource'>: {'name': 'WallhavenSource', 'description': 'Configurable source for fetching images from Wallhaven.cc', 'author': 'Peter Levi', 'version': '0.1'}'
INFO: 2025-05-13 21:28:18,855: _walk_modules() 'Jumble loading module in WallhavenDownloader from /usr/lib/python3/dist-packages/variety/plugins/builtin/downloaders/WallhavenDownloader.py'
INFO: 2025-05-13 21:28:18,856: _walk_modules() 'Jumble loading module in NationalGeographicDownloader from /usr/lib/python3/dist-packages/variety/plugins/builtin/downloaders/NationalGeographicDownloader.py'
INFO: 2025-05-13 21:28:18,856: load() 'Jumble found plugin class: <class 'NationalGeographicDownloader.NationalGeographicDownloader'>: {'name': 'NationalGeographicDownloader', 'description': "National Geographic's photo of the day", 'author': 'Eric Rösch', 'version': '0.1'}'
INFO: 2025-05-13 21:28:18,856: _walk_modules() 'Jumble loading module in WallhavenLegacyDownloader from /usr/lib/python3/dist-packages/variety/plugins/builtin/downloaders/WallhavenLegacyDownloader.py'
INFO: 2025-05-13 21:28:18,874: log_options() 'Loaded options:'
INFO: 2025-05-13 21:28:18,874: log_options() 'change_enabled = True'
INFO: 2025-05-13 21:28:18,874: log_options() 'change_interval = 300'
INFO: 2025-05-13 21:28:18,874: log_options() 'change_on_start = True'
INFO: 2025-05-13 21:28:18,874: log_options() 'clipboard_enabled = False'
INFO: 2025-05-13 21:28:18,874: log_options() 'clipboard_hosts = ['wallhaven.cc', 'wallpapers.net', 'flickr.com', 'imgur.com', 'deviantart.com', 'interfacelift.com', 'vladstudio.com', 'imageshack.us', 'deviantart.net', 'imageshack.com']'
INFO: 2025-05-13 21:28:18,874: log_options() 'clipboard_use_whitelist = True'
INFO: 2025-05-13 21:28:18,874: log_options() 'clock_date_font = Sans 30'
INFO: 2025-05-13 21:28:18,875: log_options() 'clock_enabled = True'
INFO: 2025-05-13 21:28:18,875: log_options() 'clock_filter = -density 100 -font `fc-match -f '%{file[0]}' '%CLOCK_FONT_NAME'` -pointsize %CLOCK_FONT_SIZE -gravity SouthEast -fill '#00000044' -annotate 0x0+[%HOFFSET+58]+[%VOFFSET+108] '%H:%M' -fill white -annotate 0x0+[%HOFFSET+60]+[%VOFFSET+110] '%H:%M' -font `fc-match -f '%{file[0]}' '%DATE_FONT_NAME'` -pointsize %DATE_FONT_SIZE -fill '#00000044' -annotate 0x0+[%HOFFSET+58]+[%VOFFSET+58] '%A, %B %d' -fill white -annotate 0x0+[%HOFFSET+60]+[%VOFFSET+60] '%A, %B %d''
INFO: 2025-05-13 21:28:18,875: log_options() 'clock_font = Sans 70'
INFO: 2025-05-13 21:28:18,875: log_options() 'configfile = /home/natan/.config/variety/variety.conf'
INFO: 2025-05-13 21:28:18,875: log_options() 'copyto_enabled = False'
INFO: 2025-05-13 21:28:18,875: log_options() 'copyto_folder = Default'
INFO: 2025-05-13 21:28:18,875: log_options() 'desired_color = [160, 160, 160]'
INFO: 2025-05-13 21:28:18,875: log_options() 'desired_color_enabled = False'
INFO: 2025-05-13 21:28:18,875: log_options() 'download_folder = /home/natan/.config/variety/Downloaded'
INFO: 2025-05-13 21:28:18,875: log_options() 'download_preference_ratio = 0.9'
INFO: 2025-05-13 21:28:18,875: log_options() 'favorites_folder = /home/natan/.config/variety/Favorites'
INFO: 2025-05-13 21:28:18,875: log_options() 'favorites_operations = [['Downloaded', 'Copy'], ['Fetched', 'Move'], ['Others', 'Copy']]'
INFO: 2025-05-13 21:28:18,875: log_options() 'fetched_folder = /home/natan/.config/variety/Fetched'
INFO: 2025-05-13 21:28:18,875: log_options() 'filters = [[False, 'Keep original', ''], [False, 'Grayscale', '-type Grayscale'], [False, 'Heavy blur', '-scale 20% -blur 0x10 -resize 500%'], [False, 'Soft blur', '-scale 20% -blur 0x2 -resize 500%'], [False, 'Oil painting', '-paint 8'], [False, 'Pointilism', '-spread 10 -noise 3'], [False, 'Pixellate', '-scale 3% -scale 3333%']]'
INFO: 2025-05-13 21:28:18,875: log_options() 'get_wallpaper_script = /home/natan/.config/variety/scripts/get_wallpaper'
INFO: 2025-05-13 21:28:18,875: log_options() 'icon = Light'
INFO: 2025-05-13 21:28:18,875: log_options() 'internet_enabled = False'
INFO: 2025-05-13 21:28:18,875: log_options() 'lightness_enabled = False'
INFO: 2025-05-13 21:28:18,875: log_options() 'lightness_mode = 0'
INFO: 2025-05-13 21:28:18,875: log_options() 'min_rating = 4'
INFO: 2025-05-13 21:28:18,875: log_options() 'min_rating_enabled = False'
INFO: 2025-05-13 21:28:18,875: log_options() 'min_size = 80'
INFO: 2025-05-13 21:28:18,875: log_options() 'min_size_enabled = False'
INFO: 2025-05-13 21:28:18,875: log_options() 'name_regex = .*'
INFO: 2025-05-13 21:28:18,876: log_options() 'name_regex_enabled = False'
INFO: 2025-05-13 21:28:18,876: log_options() 'quota_enabled = True'
INFO: 2025-05-13 21:28:18,876: log_options() 'quota_size = 1000'
INFO: 2025-05-13 21:28:18,876: log_options() 'quotes_authors = '
INFO: 2025-05-13 21:28:18,876: log_options() 'quotes_bg_color = [80, 80, 80]'
INFO: 2025-05-13 21:28:18,876: log_options() 'quotes_bg_opacity = 55'
INFO: 2025-05-13 21:28:18,876: log_options() 'quotes_change_enabled = False'
INFO: 2025-05-13 21:28:18,876: log_options() 'quotes_change_interval = 300'
INFO: 2025-05-13 21:28:18,876: log_options() 'quotes_disabled_sources = ['Urban Dictionary']'
INFO: 2025-05-13 21:28:18,876: log_options() 'quotes_enabled = False'
INFO: 2025-05-13 21:28:18,876: log_options() 'quotes_favorites_file = /home/natan/.config/variety/favorite_quotes.txt'
INFO: 2025-05-13 21:28:18,876: log_options() 'quotes_font = Sans 30'
INFO: 2025-05-13 21:28:18,876: log_options() 'quotes_hpos = 100'
INFO: 2025-05-13 21:28:18,876: log_options() 'quotes_max_length = 250'
INFO: 2025-05-13 21:28:18,876: log_options() 'quotes_tags = '
INFO: 2025-05-13 21:28:18,876: log_options() 'quotes_text_color = [255, 255, 255]'
INFO: 2025-05-13 21:28:18,876: log_options() 'quotes_text_shadow = False'
INFO: 2025-05-13 21:28:18,876: log_options() 'quotes_vpos = 40'
INFO: 2025-05-13 21:28:18,876: log_options() 'quotes_width = 70'
INFO: 2025-05-13 21:28:18,876: log_options() 'safe_mode = False'
INFO: 2025-05-13 21:28:18,876: log_options() 'set_wallpaper_script = /home/natan/.config/variety/scripts/set_wallpaper'
INFO: 2025-05-13 21:28:18,876: log_options() 'slideshow_custom_enabled = False'
INFO: 2025-05-13 21:28:18,876: log_options() 'slideshow_custom_folder = /home/natan/Imagens'
INFO: 2025-05-13 21:28:18,876: log_options() 'slideshow_downloads_enabled = False'
INFO: 2025-05-13 21:28:18,876: log_options() 'slideshow_fade = 0.4'
INFO: 2025-05-13 21:28:18,876: log_options() 'slideshow_favorites_enabled = True'
INFO: 2025-05-13 21:28:18,876: log_options() 'slideshow_mode = Fullscreen'
INFO: 2025-05-13 21:28:18,876: log_options() 'slideshow_monitor = All'
INFO: 2025-05-13 21:28:18,876: log_options() 'slideshow_pan = 0.05'
INFO: 2025-05-13 21:28:18,876: log_options() 'slideshow_seconds = 6.0'
INFO: 2025-05-13 21:28:18,876: log_options() 'slideshow_sort_order = Random'
INFO: 2025-05-13 21:28:18,877: log_options() 'slideshow_sources_enabled = True'
INFO: 2025-05-13 21:28:18,877: log_options() 'slideshow_zoom = 0.2'
INFO: 2025-05-13 21:28:18,877: log_options() 'smart_enabled = False'
INFO: 2025-05-13 21:28:18,877: log_options() 'smart_notice_shown = False'
INFO: 2025-05-13 21:28:18,877: log_options() 'smart_register_shown = False'
INFO: 2025-05-13 21:28:18,877: log_options() 'sources = [[False, 'favorites', 'The Favorites folder'], [False, 'fetched', 'The Fetched folder'], [False, 'folder', '/usr/share/backgrounds'], [False, 'flickr', 'user:www.flickr.com/photos/peter-levi/;user_id:93647178@N00;'], [False, 'apod', "NASA's Astronomy Picture of the Day"], [False, 'bing', 'Bing Photo of the Day'], [False, 'earthview', 'Google Earth View Wallpapers'], [False, 'unsplash', 'High-resolution photos from Unsplash.com'], [False, 'folder', '/home/natan/Imagens/wallpaper'], [False, 'natgeo', "National Geographic's photo of the day"], [False, 'image', '/home/natan/Imagens/wallpaper-goths/GeOFQXNXsAAUnrr.jpeg'], [False, 'image', '/home/natan/Imagens/wallpaper-goths/GeOFRUyWMAAGygc.jpeg'], [False, 'folder', '/home/natan/Imagens/wallpaper-goths'], [True, 'image', '/home/natan/Imagens/wallpaper/1920x1080-px-Microsoft-Windows-pokemon-1292569-wallhere.com.jpg']]'
INFO: 2025-05-13 21:28:18,877: log_options() 'stats_enabled = True'
INFO: 2025-05-13 21:28:18,877: log_options() 'stats_notice_shown = False'
INFO: 2025-05-13 21:28:18,877: log_options() 'sync_enabled = True'
INFO: 2025-05-13 21:28:18,877: log_options() 'use_landscape_enabled = True'
INFO: 2025-05-13 21:28:18,877: log_options() 'wallhaven_api_key = '
INFO: 2025-05-13 21:28:18,877: log_options() 'wallpaper_auto_rotate = True'
INFO: 2025-05-13 21:28:18,877: log_options() 'wallpaper_display_mode = smart'
INFO: 2025-05-13 21:28:18,877: reload_config() 'No need to clear prepared queue'
INFO: 2025-05-13 21:28:18,877: clock_thread_method() 'clock thread running'
INFO: 2025-05-13 21:28:18,877: update_indicator() 'Setting file info to: /home/natan/Imagens/wallpaper/1920x1080-px-Microsoft-Windows-pokemon-1292569-wallhere.com.jpg'
INFO: 2025-05-13 21:28:18,882: load_banned() 'Missing or invalid banned URLs list, no URLs will be banned'
INFO: 2025-05-13 21:28:18,883: load_last_change_time() 'Change interval < 6 hours, ignore persisted last_change_time, wait initially the whole interval: 300'
INFO: 2025-05-13 21:28:18,883: update_indicator() 'Setting file info to: /home/natan/Imagens/wallpaper/1920x1080-px-Microsoft-Windows-pokemon-1292569-wallhere.com.jpg'
INFO: 2025-05-13 21:28:18,883: regular_change_thread() 'regular_change thread running'
INFO: 2025-05-13 21:28:18,883: prepare_thread() 'Prepare thread running'
INFO: 2025-05-13 21:28:18,883: prepare_thread() 'Prepared buffer contains 0 images'
INFO: 2025-05-13 21:28:18,883: prepare_thread() 'Preparing some images'
INFO: 2025-05-13 21:28:18,884: update_indicator_icon() 'Creating indicator'
INFO: 2025-05-13 21:28:18,884: prepare_thread() 'After search prepared buffer contains 1 images'
INFO: 2025-05-13 21:28:18,926: create_indicator() 'indicator backend: AyatanaAppIndicator3'
INFO: 2025-05-13 21:28:18,947: set_from_theme_icon() 'Showing indicator icon variety-indicator from GTK theme'
INFO: 2025-05-13 21:28:18,983: do_set_wp() 'Calling do_set_wp with /home/natan/Imagens/wallpaper/1920x1080-px-Microsoft-Windows-pokemon-1292569-wallhere.com.jpg, time: 1747182498.983273'
INFO: 2025-05-13 21:28:18,984: apply_auto_rotate() 'ImageMagick auto-rotate cmd: convert /home/natan/Imagens/wallpaper/1920x1080-px-Microsoft-Windows-pokemon-1292569-wallhere.com.jpg -auto-orient /home/natan/.config/variety/wallpaper/wallpaper-auto-rotated-ac923dd1f80b33ce8f2bbff5b58cf821.jpg'
INFO: 2025-05-13 21:28:19,065: compute_trimmed_offsets() 'Trimmed offsets debug info: w:1920, h:1080, ratio:1.777778, iw:1920, ih:1080, scw:1920, sch:1080, ho:0, vo:0'
INFO: 2025-05-13 21:28:19,066: build_imagemagick_clock_cmd() 'Applying clock filter: -density 100 -font `fc-match -f '%{file[0]}' 'Sans:70'` -pointsize 70 -gravity SouthEast -fill '#00000044' -annotate 0x0+58+108 '21:28' -fill white -annotate 0x0+60+110 '21:28' -font `fc-match -f '%{file[0]}' 'Sans:30'` -pointsize 30 -fill '#00000044' -annotate 0x0+58+58 'terça, maio 13' -fill white -annotate 0x0+60+60 'terça, maio 13''
INFO: 2025-05-13 21:28:19,066: build_imagemagick_clock_cmd() 'ImageMagick clock cmd: convert /home/natan/.config/variety/wallpaper/wallpaper-auto-rotated-ac923dd1f80b33ce8f2bbff5b58cf821.jpg -scale 1920x1080^ -density 100 -font `fc-match -f '%{file[0]}' 'Sans:70'` -pointsize 70 -gravity SouthEast -fill '#00000044' -annotate 0x0+58+108 '21:28' -fill white -annotate 0x0+60+110 '21:28' -font `fc-match -f '%{file[0]}' 'Sans:30'` -pointsize 30 -fill '#00000044' -annotate 0x0+58+58 'terça, maio 13' -fill white -annotate 0x0+60+60 'terça, maio 13' /home/natan/.config/variety/wallpaper/wallpaper-clock-5cc8196149fa3be9e312806ca23e9502.jpg'
INFO: 2025-05-13 21:28:19,164: update_indicator() 'Setting file info to: /home/natan/Imagens/wallpaper/1920x1080-px-Microsoft-Windows-pokemon-1292569-wallhere.com.jpg'
INFO: 2025-05-13 21:28:19,167: list_files() 'More than 1 files in the folders, stop listing'
INFO: 2025-05-13 21:28:19,878: clock_thread_method() 'clock_thread updates wallpaper'
INFO: 2025-05-13 21:28:19,983: do_set_wp() 'Calling do_set_wp with /home/natan/Imagens/wallpaper/1920x1080-px-Microsoft-Windows-pokemon-1292569-wallhere.com.jpg, time: 1747182499.9835205'
INFO: 2025-05-13 21:28:19,983: apply_auto_rotate() 'ImageMagick auto-rotate cmd: convert /home/natan/Imagens/wallpaper/1920x1080-px-Microsoft-Windows-pokemon-1292569-wallhere.com.jpg -auto-orient /home/natan/.config/variety/wallpaper/wallpaper-auto-rotated-2aa9eb9b821936113b5b9ce99ac145a0.jpg'
INFO: 2025-05-13 21:28:20,041: compute_trimmed_offsets() 'Trimmed offsets debug info: w:1920, h:1080, ratio:1.777778, iw:1920, ih:1080, scw:1920, sch:1080, ho:0, vo:0'
INFO: 2025-05-13 21:28:20,041: build_imagemagick_clock_cmd() 'Applying clock filter: -density 100 -font `fc-match -f '%{file[0]}' 'Sans:70'` -pointsize 70 -gravity SouthEast -fill '#00000044' -annotate 0x0+58+108 '21:28' -fill white -annotate 0x0+60+110 '21:28' -font `fc-match -f '%{file[0]}' 'Sans:30'` -pointsize 30 -fill '#00000044' -annotate 0x0+58+58 'terça, maio 13' -fill white -annotate 0x0+60+60 'terça, maio 13''
INFO: 2025-05-13 21:28:20,041: build_imagemagick_clock_cmd() 'ImageMagick clock cmd: convert /home/natan/.config/variety/wallpaper/wallpaper-auto-rotated-2aa9eb9b821936113b5b9ce99ac145a0.jpg -scale 1920x1080^ -density 100 -font `fc-match -f '%{file[0]}' 'Sans:70'` -pointsize 70 -gravity SouthEast -fill '#00000044' -annotate 0x0+58+108 '21:28' -fill white -annotate 0x0+60+110 '21:28' -font `fc-match -f '%{file[0]}' 'Sans:30'` -pointsize 30 -fill '#00000044' -annotate 0x0+58+58 'terça, maio 13' -fill white -annotate 0x0+60+60 'terça, maio 13' /home/natan/.config/variety/wallpaper/wallpaper-clock-1f4554c228f5a4d20c0bd6531c751958.jpg'
INFO: 2025-05-13 21:28:20,322: reload() 'Reloading preferences dialog'
INFO: 2025-05-13 21:28:20,462: update_indicator() 'Setting file info to: /home/natan/Imagens/wallpaper/1920x1080-px-Microsoft-Windows-pokemon-1292569-wallhere.com.jpg'
INFO: 2025-05-13 21:28:20,463: list_files() 'More than 1 files in the folders, stop listing'
INFO: 2025-05-13 21:28:20,915: trigger_download() 'Triggering download thread to check if download needed and possible'
INFO: 2025-05-13 21:28:23,883: change_wallpaper() 'No images yet in prepared buffer, using some random image'
INFO: 2025-05-13 21:28:23,883: prepare_thread() 'Prepared buffer contains 1 images'
INFO: 2025-05-13 21:28:23,884: change_wallpaper() 'No images found'
INFO: 2025-05-13 21:28:25,884: trigger_download() 'Triggering download thread to check if download needed and possible'
INFO: 2025-05-13 21:29:00,917: clock_thread_method() 'clock_thread updates wallpaper'
INFO: 2025-05-13 21:29:00,918: do_set_wp() 'Calling do_set_wp with /home/natan/Imagens/wallpaper/1920x1080-px-Microsoft-Windows-pokemon-1292569-wallhere.com.jpg, time: 1747182540.9181645'
INFO: 2025-05-13 21:29:11,672: apply_auto_rotate() 'ImageMagick auto-rotate cmd: convert /home/natan/Imagens/wallpaper/1920x1080-px-Microsoft-Windows-pokemon-1292569-wallhere.com.jpg -auto-orient /home/natan/.config/variety/wallpaper/wallpaper-auto-rotated-d64a042828251f74396fad60c97c8d78.jpg'
INFO: 2025-05-13 21:29:11,747: compute_trimmed_offsets() 'Trimmed offsets debug info: w:1920, h:1080, ratio:1.777778, iw:1920, ih:1080, scw:1920, sch:1080, ho:0, vo:0'
INFO: 2025-05-13 21:29:11,747: build_imagemagick_clock_cmd() 'Applying clock filter: -density 100 -font `fc-match -f '%{file[0]}' 'Sans:70'` -pointsize 70 -gravity SouthEast -fill '#00000044' -annotate 0x0+58+108 '21:29' -fill white -annotate 0x0+60+110 '21:29' -font `fc-match -f '%{file[0]}' 'Sans:30'` -pointsize 30 -fill '#00000044' -annotate 0x0+58+58 'terça, maio 13' -fill white -annotate 0x0+60+60 'terça, maio 13''
INFO: 2025-05-13 21:29:11,747: build_imagemagick_clock_cmd() 'ImageMagick clock cmd: convert /home/natan/.config/variety/wallpaper/wallpaper-auto-rotated-d64a042828251f74396fad60c97c8d78.jpg -scale 1920x1080^ -density 100 -font `fc-match -f '%{file[0]}' 'Sans:70'` -pointsize 70 -gravity SouthEast -fill '#00000044' -annotate 0x0+58+108 '21:29' -fill white -annotate 0x0+60+110 '21:29' -font `fc-match -f '%{file[0]}' 'Sans:30'` -pointsize 30 -fill '#00000044' -annotate 0x0+58+58 'terça, maio 13' -fill white -annotate 0x0+60+60 'terça, maio 13' /home/natan/.config/variety/wallpaper/wallpaper-clock-3e3dd654c45ee6de153ccc2b377563f7.jpg'
INFO: 2025-05-13 21:29:11,863: update_indicator() 'Setting file info to: /home/natan/Imagens/wallpaper/1920x1080-px-Microsoft-Windows-pokemon-1292569-wallhere.com.jpg'
INFO: 2025-05-13 21:29:11,864: list_files() 'More than 1 files in the folders, stop listing'
INFO: 2025-05-13 21:30:00,979: clock_thread_method() 'clock_thread updates wallpaper'
INFO: 2025-05-13 21:30:00,979: do_set_wp() 'Calling do_set_wp with /home/natan/Imagens/wallpaper/1920x1080-px-Microsoft-Windows-pokemon-1292569-wallhere.com.jpg, time: 1747182600.9794111'
INFO: 2025-05-13 21:30:00,979: apply_auto_rotate() 'ImageMagick auto-rotate cmd: convert /home/natan/Imagens/wallpaper/1920x1080-px-Microsoft-Windows-pokemon-1292569-wallhere.com.jpg -auto-orient /home/natan/.config/variety/wallpaper/wallpaper-auto-rotated-f011d799c7f8ae73c8d82f843863cf75.jpg'
INFO: 2025-05-13 21:30:01,034: compute_trimmed_offsets() 'Trimmed offsets debug info: w:1920, h:1080, ratio:1.777778, iw:1920, ih:1080, scw:1920, sch:1080, ho:0, vo:0'
INFO: 2025-05-13 21:30:01,034: build_imagemagick_clock_cmd() 'Applying clock filter: -density 100 -font `fc-match -f '%{file[0]}' 'Sans:70'` -pointsize 70 -gravity SouthEast -fill '#00000044' -annotate 0x0+58+108 '21:30' -fill white -annotate 0x0+60+110 '21:30' -font `fc-match -f '%{file[0]}' 'Sans:30'` -pointsize 30 -fill '#00000044' -annotate 0x0+58+58 'terça, maio 13' -fill white -annotate 0x0+60+60 'terça, maio 13''
INFO: 2025-05-13 21:30:01,034: build_imagemagick_clock_cmd() 'ImageMagick clock cmd: convert /home/natan/.config/variety/wallpaper/wallpaper-auto-rotated-f011d799c7f8ae73c8d82f843863cf75.jpg -scale 1920x1080^ -density 100 -font `fc-match -f '%{file[0]}' 'Sans:70'` -pointsize 70 -gravity SouthEast -fill '#00000044' -annotate 0x0+58+108 '21:30' -fill white -annotate 0x0+60+110 '21:30' -font `fc-match -f '%{file[0]}' 'Sans:30'` -pointsize 30 -fill '#00000044' -annotate 0x0+58+58 'terça, maio 13' -fill white -annotate 0x0+60+60 'terça, maio 13' /home/natan/.config/variety/wallpaper/wallpaper-clock-d4a7136dd07d0079d869f134a2720716.jpg'
INFO: 2025-05-13 21:30:01,137: update_indicator() 'Setting file info to: /home/natan/Imagens/wallpaper/1920x1080-px-Microsoft-Windows-pokemon-1292569-wallhere.com.jpg'
INFO: 2025-05-13 21:30:01,138: list_files() 'More than 1 files in the folders, stop listing'
INFO: 2025-05-13 21:31:00,048: clock_thread_method() 'clock_thread updates wallpaper'
INFO: 2025-05-13 21:31:00,048: do_set_wp() 'Calling do_set_wp with /home/natan/Imagens/wallpaper/1920x1080-px-Microsoft-Windows-pokemon-1292569-wallhere.com.jpg, time: 1747182660.048491'
INFO: 2025-05-13 21:31:00,048: apply_auto_rotate() 'ImageMagick auto-rotate cmd: convert /home/natan/Imagens/wallpaper/1920x1080-px-Microsoft-Windows-pokemon-1292569-wallhere.com.jpg -auto-orient /home/natan/.config/variety/wallpaper/wallpaper-auto-rotated-1d2664e1c9de3459cfdf29773fe17152.jpg'
INFO: 2025-05-13 21:31:00,105: compute_trimmed_offsets() 'Trimmed offsets debug info: w:1920, h:1080, ratio:1.777778, iw:1920, ih:1080, scw:1920, sch:1080, ho:0, vo:0'
INFO: 2025-05-13 21:31:00,106: build_imagemagick_clock_cmd() 'Applying clock filter: -density 100 -font `fc-match -f '%{file[0]}' 'Sans:70'` -pointsize 70 -gravity SouthEast -fill '#00000044' -annotate 0x0+58+108 '21:31' -fill white -annotate 0x0+60+110 '21:31' -font `fc-match -f '%{file[0]}' 'Sans:30'` -pointsize 30 -fill '#00000044' -annotate 0x0+58+58 'terça, maio 13' -fill white -annotate 0x0+60+60 'terça, maio 13''
INFO: 2025-05-13 21:31:00,106: build_imagemagick_clock_cmd() 'ImageMagick clock cmd: convert /home/natan/.config/variety/wallpaper/wallpaper-auto-rotated-1d2664e1c9de3459cfdf29773fe17152.jpg -scale 1920x1080^ -density 100 -font `fc-match -f '%{file[0]}' 'Sans:70'` -pointsize 70 -gravity SouthEast -fill '#00000044' -annotate 0x0+58+108 '21:31' -fill white -annotate 0x0+60+110 '21:31' -font `fc-match -f '%{file[0]}' 'Sans:30'` -pointsize 30 -fill '#00000044' -annotate 0x0+58+58 'terça, maio 13' -fill white -annotate 0x0+60+60 'terça, maio 13' /home/natan/.config/variety/wallpaper/wallpaper-clock-49f5c8d73b28c7ab4a7d2973f249cc65.jpg'
INFO: 2025-05-13 21:31:00,216: update_indicator() 'Setting file info to: /home/natan/Imagens/wallpaper/1920x1080-px-Microsoft-Windows-pokemon-1292569-wallhere.com.jpg'
INFO: 2025-05-13 21:31:00,217: list_files() 'More than 1 files in the folders, stop listing'
INFO: 2025-05-13 21:32:00,118: clock_thread_method() 'clock_thread updates wallpaper'
INFO: 2025-05-13 21:32:00,118: do_set_wp() 'Calling do_set_wp with /home/natan/Imagens/wallpaper/1920x1080-px-Microsoft-Windows-pokemon-1292569-wallhere.com.jpg, time: 1747182720.1184282'
INFO: 2025-05-13 21:32:00,118: apply_auto_rotate() 'ImageMagick auto-rotate cmd: convert /home/natan/Imagens/wallpaper/1920x1080-px-Microsoft-Windows-pokemon-1292569-wallhere.com.jpg -auto-orient /home/natan/.config/variety/wallpaper/wallpaper-auto-rotated-ffa1e0bb95fcb7a906cc770f08954a89.jpg'
INFO: 2025-05-13 21:32:00,171: compute_trimmed_offsets() 'Trimmed offsets debug info: w:1920, h:1080, ratio:1.777778, iw:1920, ih:1080, scw:1920, sch:1080, ho:0, vo:0'
INFO: 2025-05-13 21:32:00,171: build_imagemagick_clock_cmd() 'Applying clock filter: -density 100 -font `fc-match -f '%{file[0]}' 'Sans:70'` -pointsize 70 -gravity SouthEast -fill '#00000044' -annotate 0x0+58+108 '21:32' -fill white -annotate 0x0+60+110 '21:32' -font `fc-match -f '%{file[0]}' 'Sans:30'` -pointsize 30 -fill '#00000044' -annotate 0x0+58+58 'terça, maio 13' -fill white -annotate 0x0+60+60 'terça, maio 13''
INFO: 2025-05-13 21:32:00,171: build_imagemagick_clock_cmd() 'ImageMagick clock cmd: convert /home/natan/.config/variety/wallpaper/wallpaper-auto-rotated-ffa1e0bb95fcb7a906cc770f08954a89.jpg -scale 1920x1080^ -density 100 -font `fc-match -f '%{file[0]}' 'Sans:70'` -pointsize 70 -gravity SouthEast -fill '#00000044' -annotate 0x0+58+108 '21:32' -fill white -annotate 0x0+60+110 '21:32' -font `fc-match -f '%{file[0]}' 'Sans:30'` -pointsize 30 -fill '#00000044' -annotate 0x0+58+58 'terça, maio 13' -fill white -annotate 0x0+60+60 'terça, maio 13' /home/natan/.config/variety/wallpaper/wallpaper-clock-fb95c6e0a653aa87f8105a97ef1454f9.jpg'
INFO: 2025-05-13 21:32:00,286: update_indicator() 'Setting file info to: /home/natan/Imagens/wallpaper/1920x1080-px-Microsoft-Windows-pokemon-1292569-wallhere.com.jpg'
INFO: 2025-05-13 21:32:00,287: list_files() 'More than 1 files in the folders, stop listing'
INFO: 2025-05-13 21:33:00,178: clock_thread_method() 'clock_thread updates wallpaper'
INFO: 2025-05-13 21:33:00,178: do_set_wp() 'Calling do_set_wp with /home/natan/Imagens/wallpaper/1920x1080-px-Microsoft-Windows-pokemon-1292569-wallhere.com.jpg, time: 1747182780.1786919'
INFO: 2025-05-13 21:33:00,179: apply_auto_rotate() 'ImageMagick auto-rotate cmd: convert /home/natan/Imagens/wallpaper/1920x1080-px-Microsoft-Windows-pokemon-1292569-wallhere.com.jpg -auto-orient /home/natan/.config/variety/wallpaper/wallpaper-auto-rotated-64cb9099f6a7aca626a2ed48619e4908.jpg'
INFO: 2025-05-13 21:33:00,242: compute_trimmed_offsets() 'Trimmed offsets debug info: w:1920, h:1080, ratio:1.777778, iw:1920, ih:1080, scw:1920, sch:1080, ho:0, vo:0'
INFO: 2025-05-13 21:33:00,243: build_imagemagick_clock_cmd() 'Applying clock filter: -density 100 -font `fc-match -f '%{file[0]}' 'Sans:70'` -pointsize 70 -gravity SouthEast -fill '#00000044' -annotate 0x0+58+108 '21:33' -fill white -annotate 0x0+60+110 '21:33' -font `fc-match -f '%{file[0]}' 'Sans:30'` -pointsize 30 -fill '#00000044' -annotate 0x0+58+58 'terça, maio 13' -fill white -annotate 0x0+60+60 'terça, maio 13''
INFO: 2025-05-13 21:33:00,243: build_imagemagick_clock_cmd() 'ImageMagick clock cmd: convert /home/natan/.config/variety/wallpaper/wallpaper-auto-rotated-64cb9099f6a7aca626a2ed48619e4908.jpg -scale 1920x1080^ -density 100 -font `fc-match -f '%{file[0]}' 'Sans:70'` -pointsize 70 -gravity SouthEast -fill '#00000044' -annotate 0x0+58+108 '21:33' -fill white -annotate 0x0+60+110 '21:33' -font `fc-match -f '%{file[0]}' 'Sans:30'` -pointsize 30 -fill '#00000044' -annotate 0x0+58+58 'terça, maio 13' -fill white -annotate 0x0+60+60 'terça, maio 13' /home/natan/.config/variety/wallpaper/wallpaper-clock-3bb752adde78bc9baf1147522c87904c.jpg'
INFO: 2025-05-13 21:33:00,355: update_indicator() 'Setting file info to: /home/natan/Imagens/wallpaper/1920x1080-px-Microsoft-Windows-pokemon-1292569-wallhere.com.jpg'
INFO: 2025-05-13 21:33:00,356: list_files() 'More than 1 files in the folders, stop listing'
INFO: 2025-05-13 21:33:18,883: regular_change_thread() 'regular_change changes wallpaper'
INFO: 2025-05-13 21:33:18,883: change_wallpaper() 'No images yet in prepared buffer, using some random image'
INFO: 2025-05-13 21:33:18,883: prepare_thread() 'Prepared buffer contains 1 images'
INFO: 2025-05-13 21:33:18,884: change_wallpaper() 'No images found'
INFO: 2025-05-13 21:33:20,884: trigger_download() 'Triggering download thread to check if download needed and possible'
INFO: 2025-05-13 21:34:00,238: clock_thread_method() 'clock_thread updates wallpaper'
INFO: 2025-05-13 21:34:00,238: do_set_wp() 'Calling do_set_wp with /home/natan/Imagens/wallpaper/1920x1080-px-Microsoft-Windows-pokemon-1292569-wallhere.com.jpg, time: 1747182840.238771'
INFO: 2025-05-13 21:34:00,239: apply_auto_rotate() 'ImageMagick auto-rotate cmd: convert /home/natan/Imagens/wallpaper/1920x1080-px-Microsoft-Windows-pokemon-1292569-wallhere.com.jpg -auto-orient /home/natan/.config/variety/wallpaper/wallpaper-auto-rotated-2b1f4ee5aee89d0bc253972343f987f7.jpg'
INFO: 2025-05-13 21:34:00,296: compute_trimmed_offsets() 'Trimmed offsets debug info: w:1920, h:1080, ratio:1.777778, iw:1920, ih:1080, scw:1920, sch:1080, ho:0, vo:0'
INFO: 2025-05-13 21:34:00,296: build_imagemagick_clock_cmd() 'Applying clock filter: -density 100 -font `fc-match -f '%{file[0]}' 'Sans:70'` -pointsize 70 -gravity SouthEast -fill '#00000044' -annotate 0x0+58+108 '21:34' -fill white -annotate 0x0+60+110 '21:34' -font `fc-match -f '%{file[0]}' 'Sans:30'` -pointsize 30 -fill '#00000044' -annotate 0x0+58+58 'terça, maio 13' -fill white -annotate 0x0+60+60 'terça, maio 13''
INFO: 2025-05-13 21:34:00,297: build_imagemagick_clock_cmd() 'ImageMagick clock cmd: convert /home/natan/.config/variety/wallpaper/wallpaper-auto-rotated-2b1f4ee5aee89d0bc253972343f987f7.jpg -scale 1920x1080^ -density 100 -font `fc-match -f '%{file[0]}' 'Sans:70'` -pointsize 70 -gravity SouthEast -fill '#00000044' -annotate 0x0+58+108 '21:34' -fill white -annotate 0x0+60+110 '21:34' -font `fc-match -f '%{file[0]}' 'Sans:30'` -pointsize 30 -fill '#00000044' -annotate 0x0+58+58 'terça, maio 13' -fill white -annotate 0x0+60+60 'terça, maio 13' /home/natan/.config/variety/wallpaper/wallpaper-clock-9e5e9f664a6e35aac69ddb071b5b0cc3.jpg'
INFO: 2025-05-13 21:34:00,403: update_indicator() 'Setting file info to: /home/natan/Imagens/wallpaper/1920x1080-px-Microsoft-Windows-pokemon-1292569-wallhere.com.jpg'
INFO: 2025-05-13 21:34:00,404: list_files() 'More than 1 files in the folders, stop listing'
INFO: 2025-05-13 21:35:00,299: clock_thread_method() 'clock_thread updates wallpaper'
INFO: 2025-05-13 21:35:00,300: do_set_wp() 'Calling do_set_wp with /home/natan/Imagens/wallpaper/1920x1080-px-Microsoft-Windows-pokemon-1292569-wallhere.com.jpg, time: 1747182900.3001108'
INFO: 2025-05-13 21:35:00,300: apply_auto_rotate() 'ImageMagick auto-rotate cmd: convert /home/natan/Imagens/wallpaper/1920x1080-px-Microsoft-Windows-pokemon-1292569-wallhere.com.jpg -auto-orient /home/natan/.config/variety/wallpaper/wallpaper-auto-rotated-61be70de7423beb63491c5277fa3deaa.jpg'
INFO: 2025-05-13 21:35:00,358: compute_trimmed_offsets() 'Trimmed offsets debug info: w:1920, h:1080, ratio:1.777778, iw:1920, ih:1080, scw:1920, sch:1080, ho:0, vo:0'
INFO: 2025-05-13 21:35:00,358: build_imagemagick_clock_cmd() 'Applying clock filter: -density 100 -font `fc-match -f '%{file[0]}' 'Sans:70'` -pointsize 70 -gravity SouthEast -fill '#00000044' -annotate 0x0+58+108 '21:35' -fill white -annotate 0x0+60+110 '21:35' -font `fc-match -f '%{file[0]}' 'Sans:30'` -pointsize 30 -fill '#00000044' -annotate 0x0+58+58 'terça, maio 13' -fill white -annotate 0x0+60+60 'terça, maio 13''
INFO: 2025-05-13 21:35:00,358: build_imagemagick_clock_cmd() 'ImageMagick clock cmd: convert /home/natan/.config/variety/wallpaper/wallpaper-auto-rotated-61be70de7423beb63491c5277fa3deaa.jpg -scale 1920x1080^ -density 100 -font `fc-match -f '%{file[0]}' 'Sans:70'` -pointsize 70 -gravity SouthEast -fill '#00000044' -annotate 0x0+58+108 '21:35' -fill white -annotate 0x0+60+110 '21:35' -font `fc-match -f '%{file[0]}' 'Sans:30'` -pointsize 30 -fill '#00000044' -annotate 0x0+58+58 'terça, maio 13' -fill white -annotate 0x0+60+60 'terça, maio 13' /home/natan/.config/variety/wallpaper/wallpaper-clock-91324d98881179aaa911acdf4a8372d6.jpg'
INFO: 2025-05-13 21:35:00,470: update_indicator() 'Setting file info to: /home/natan/Imagens/wallpaper/1920x1080-px-Microsoft-Windows-pokemon-1292569-wallhere.com.jpg'
INFO: 2025-05-13 21:35:00,471: list_files() 'More than 1 files in the folders, stop listing'
INFO: 2025-05-13 21:36:00,362: clock_thread_method() 'clock_thread updates wallpaper'
INFO: 2025-05-13 21:36:00,362: do_set_wp() 'Calling do_set_wp with /home/natan/Imagens/wallpaper/1920x1080-px-Microsoft-Windows-pokemon-1292569-wallhere.com.jpg, time: 1747182960.3626862'
INFO: 2025-05-13 21:36:00,363: apply_auto_rotate() 'ImageMagick auto-rotate cmd: convert /home/natan/Imagens/wallpaper/1920x1080-px-Microsoft-Windows-pokemon-1292569-wallhere.com.jpg -auto-orient /home/natan/.config/variety/wallpaper/wallpaper-auto-rotated-938210a6c347a8deb487538e64e96574.jpg'
INFO: 2025-05-13 21:36:00,420: compute_trimmed_offsets() 'Trimmed offsets debug info: w:1920, h:1080, ratio:1.777778, iw:1920, ih:1080, scw:1920, sch:1080, ho:0, vo:0'
INFO: 2025-05-13 21:36:00,421: build_imagemagick_clock_cmd() 'Applying clock filter: -density 100 -font `fc-match -f '%{file[0]}' 'Sans:70'` -pointsize 70 -gravity SouthEast -fill '#00000044' -annotate 0x0+58+108 '21:36' -fill white -annotate 0x0+60+110 '21:36' -font `fc-match -f '%{file[0]}' 'Sans:30'` -pointsize 30 -fill '#00000044' -annotate 0x0+58+58 'terça, maio 13' -fill white -annotate 0x0+60+60 'terça, maio 13''
INFO: 2025-05-13 21:36:00,421: build_imagemagick_clock_cmd() 'ImageMagick clock cmd: convert /home/natan/.config/variety/wallpaper/wallpaper-auto-rotated-938210a6c347a8deb487538e64e96574.jpg -scale 1920x1080^ -density 100 -font `fc-match -f '%{file[0]}' 'Sans:70'` -pointsize 70 -gravity SouthEast -fill '#00000044' -annotate 0x0+58+108 '21:36' -fill white -annotate 0x0+60+110 '21:36' -font `fc-match -f '%{file[0]}' 'Sans:30'` -pointsize 30 -fill '#00000044' -annotate 0x0+58+58 'terça, maio 13' -fill white -annotate 0x0+60+60 'terça, maio 13' /home/natan/.config/variety/wallpaper/wallpaper-clock-e705318ac474f0b7061c500d180ad204.jpg'
INFO: 2025-05-13 21:36:00,532: update_indicator() 'Setting file info to: /home/natan/Imagens/wallpaper/1920x1080-px-Microsoft-Windows-pokemon-1292569-wallhere.com.jpg'
INFO: 2025-05-13 21:36:00,533: list_files() 'More than 1 files in the folders, stop listing'
INFO: 2025-05-13 21:37:00,426: clock_thread_method() 'clock_thread updates wallpaper'
INFO: 2025-05-13 21:37:00,427: do_set_wp() 'Calling do_set_wp with /home/natan/Imagens/wallpaper/1920x1080-px-Microsoft-Windows-pokemon-1292569-wallhere.com.jpg, time: 1747183020.4270618'
INFO: 2025-05-13 21:37:00,427: apply_auto_rotate() 'ImageMagick auto-rotate cmd: convert /home/natan/Imagens/wallpaper/1920x1080-px-Microsoft-Windows-pokemon-1292569-wallhere.com.jpg -auto-orient /home/natan/.config/variety/wallpaper/wallpaper-auto-rotated-4ef4db0114aa070d2d62a47ceded2762.jpg'
INFO: 2025-05-13 21:37:00,487: compute_trimmed_offsets() 'Trimmed offsets debug info: w:1920, h:1080, ratio:1.777778, iw:1920, ih:1080, scw:1920, sch:1080, ho:0, vo:0'
INFO: 2025-05-13 21:37:00,487: build_imagemagick_clock_cmd() 'Applying clock filter: -density 100 -font `fc-match -f '%{file[0]}' 'Sans:70'` -pointsize 70 -gravity SouthEast -fill '#00000044' -annotate 0x0+58+108 '21:37' -fill white -annotate 0x0+60+110 '21:37' -font `fc-match -f '%{file[0]}' 'Sans:30'` -pointsize 30 -fill '#00000044' -annotate 0x0+58+58 'terça, maio 13' -fill white -annotate 0x0+60+60 'terça, maio 13''
INFO: 2025-05-13 21:37:00,487: build_imagemagick_clock_cmd() 'ImageMagick clock cmd: convert /home/natan/.config/variety/wallpaper/wallpaper-auto-rotated-4ef4db0114aa070d2d62a47ceded2762.jpg -scale 1920x1080^ -density 100 -font `fc-match -f '%{file[0]}' 'Sans:70'` -pointsize 70 -gravity SouthEast -fill '#00000044' -annotate 0x0+58+108 '21:37' -fill white -annotate 0x0+60+110 '21:37' -font `fc-match -f '%{file[0]}' 'Sans:30'` -pointsize 30 -fill '#00000044' -annotate 0x0+58+58 'terça, maio 13' -fill white -annotate 0x0+60+60 'terça, maio 13' /home/natan/.config/variety/wallpaper/wallpaper-clock-82543b3b131cf11bbff6f0c4759f132d.jpg'
INFO: 2025-05-13 21:37:00,601: update_indicator() 'Setting file info to: /home/natan/Imagens/wallpaper/1920x1080-px-Microsoft-Windows-pokemon-1292569-wallhere.com.jpg'
INFO: 2025-05-13 21:37:00,602: list_files() 'More than 1 files in the folders, stop listing'
INFO: 2025-05-13 21:38:00,489: clock_thread_method() 'clock_thread updates wallpaper'
INFO: 2025-05-13 21:38:00,489: do_set_wp() 'Calling do_set_wp with /home/natan/Imagens/wallpaper/1920x1080-px-Microsoft-Windows-pokemon-1292569-wallhere.com.jpg, time: 1747183080.489636'
INFO: 2025-05-13 21:38:00,490: apply_auto_rotate() 'ImageMagick auto-rotate cmd: convert /home/natan/Imagens/wallpaper/1920x1080-px-Microsoft-Windows-pokemon-1292569-wallhere.com.jpg -auto-orient /home/natan/.config/variety/wallpaper/wallpaper-auto-rotated-2cd2d814a8ed7395d972a940ff38ed72.jpg'
INFO: 2025-05-13 21:38:00,550: compute_trimmed_offsets() 'Trimmed offsets debug info: w:1920, h:1080, ratio:1.777778, iw:1920, ih:1080, scw:1920, sch:1080, ho:0, vo:0'
INFO: 2025-05-13 21:38:00,550: build_imagemagick_clock_cmd() 'Applying clock filter: -density 100 -font `fc-match -f '%{file[0]}' 'Sans:70'` -pointsize 70 -gravity SouthEast -fill '#00000044' -annotate 0x0+58+108 '21:38' -fill white -annotate 0x0+60+110 '21:38' -font `fc-match -f '%{file[0]}' 'Sans:30'` -pointsize 30 -fill '#00000044' -annotate 0x0+58+58 'terça, maio 13' -fill white -annotate 0x0+60+60 'terça, maio 13''
INFO: 2025-05-13 21:38:00,550: build_imagemagick_clock_cmd() 'ImageMagick clock cmd: convert /home/natan/.config/variety/wallpaper/wallpaper-auto-rotated-2cd2d814a8ed7395d972a940ff38ed72.jpg -scale 1920x1080^ -density 100 -font `fc-match -f '%{file[0]}' 'Sans:70'` -pointsize 70 -gravity SouthEast -fill '#00000044' -annotate 0x0+58+108 '21:38' -fill white -annotate 0x0+60+110 '21:38' -font `fc-match -f '%{file[0]}' 'Sans:30'` -pointsize 30 -fill '#00000044' -annotate 0x0+58+58 'terça, maio 13' -fill white -annotate 0x0+60+60 'terça, maio 13' /home/natan/.config/variety/wallpaper/wallpaper-clock-473b380a353fc9b18f0e433c33352c25.jpg'
INFO: 2025-05-13 21:38:00,666: update_indicator() 'Setting file info to: /home/natan/Imagens/wallpaper/1920x1080-px-Microsoft-Windows-pokemon-1292569-wallhere.com.jpg'
INFO: 2025-05-13 21:38:00,667: list_files() 'More than 1 files in the folders, stop listing'
